<html>
<head>
<title>TestNG:  Test</title>
<link href="../testng.css" rel="stylesheet" type="text/css" />
<link href="../my-testng.css" rel="stylesheet" type="text/css" />

<style type="text/css">
.log { display: none;} 
.stack-trace { display: none;} 
</style>
<script type="text/javascript">
<!--
function flip(e) {
  current = e.style.display;
  if (current == 'block') {
    e.style.display = 'none';
    return 0;
  }
  else {
    e.style.display = 'block';
    return 1;
  }
}

function toggleBox(szDivId, elem, msg1, msg2)
{
  var res = -1;  if (document.getElementById) {
    res = flip(document.getElementById(szDivId));
  }
  else if (document.all) {
    // this is the way old msie versions work
    res = flip(document.all[szDivId]);
  }
  if(elem) {
    if(res == 0) elem.innerHTML = msg1; else elem.innerHTML = msg2;
  }

}

function toggleAllBoxes() {
  if (document.getElementsByTagName) {
    d = document.getElementsByTagName('div');
    for (i = 0; i < d.length; i++) {
      if (d[i].className == 'log') {
        flip(d[i]);
      }
    }
  }
}

// -->
</script>

</head>
<body>
<h2 align='center'>Test</h2><table border='1' align="center">
<tr>
<td>Tests passed/Failed/Skipped:</td><td>2/2/0</td>
</tr><tr>
<td>Started on:</td><td>Sun Feb 02 08:18:35 IST 2020</td>
</tr>
<tr><td>Total time:</td><td>197 seconds (197535 ms)</td>
</tr><tr>
<td>Included groups:</td><td></td>
</tr><tr>
<td>Excluded groups:</td><td></td>
</tr>
</table><p/>
<small><i>(Hover the method name to see the test class name)</i></small><p/>
<table width='100%' border='1' class='invocation-failed'>
<tr><td colspan='4' align='center'><b>FAILED TESTS</b></td></tr>
<tr><td><b>Test method</b></td>
<td width="30%"><b>Exception</b></td>
<td width="10%"><b>Time (seconds)</b></td>
<td><b>Instance</b></td>
</tr>
<tr>
<td title='com.actitime.tests.VerifyBuildNoTest.testVerifyBuildNo()'><b>testVerifyBuildNo</b><br>Test class: com.actitime.tests.VerifyBuildNoTest<br/>
<a href="#Output-2062667107" onClick='toggleBox("Output-2062667107", this, "Show output", "Hide output");'>Show output</a>

<a href="#Output-2062667107" onClick="toggleAllBoxes();">Show all outputs</a>
<div class='log' id="Output-2062667107">
Tittle is matching :actiTIME - Login<br/>
Tittle is matching :actiTIME - Enter Time-Track<br/>
Element is not Present<br/>
</div>
</td>
<td><div><pre>java.lang.AssertionError: null
	at com.actitime.pages.BasePage.verifyElement(BasePage.java:45)
	at com.actitime.pages.EnterTimeTrackerPage.verifyBuildNo(EnterTimeTrackerPage.java:48)
	at com.actitime.tests.VerifyBuildNoTest.testVerifyBuildNo(VerifyBuildNoTest.java:54)
... Removed 27 stack frames</pre></div><a href='#' onClick='toggleBox("stack-trace2062667107", this, "Click to show all stack frames", "Click to hide stack frames")'>Click to show all stack frames</a>
<div class='stack-trace' id='stack-trace2062667107'><pre>java.lang.AssertionError: null
	at org.testng.Assert.fail(Assert.java:96)
	at org.testng.Assert.fail(Assert.java:103)
	at com.actitime.pages.BasePage.verifyElement(BasePage.java:45)
	at com.actitime.pages.EnterTimeTrackerPage.verifyBuildNo(EnterTimeTrackerPage.java:48)
	at com.actitime.tests.VerifyBuildNoTest.testVerifyBuildNo(VerifyBuildNoTest.java:54)
	at sun.reflect.NativeMethodAccessorImpl.invoke0(Native Method)
	at sun.reflect.NativeMethodAccessorImpl.invoke(NativeMethodAccessorImpl.java:62)
	at sun.reflect.DelegatingMethodAccessorImpl.invoke(DelegatingMethodAccessorImpl.java:43)
	at java.lang.reflect.Method.invoke(Method.java:498)
	at org.testng.internal.MethodInvocationHelper.invokeMethod(MethodInvocationHelper.java:124)
	at org.testng.internal.Invoker.invokeMethod(Invoker.java:580)
	at org.testng.internal.Invoker.invokeTestMethod(Invoker.java:716)
	at org.testng.internal.Invoker.invokeTestMethods(Invoker.java:988)
	at org.testng.internal.TestMethodWorker.invokeTestMethods(TestMethodWorker.java:125)
	at org.testng.internal.TestMethodWorker.run(TestMethodWorker.java:109)
	at org.testng.TestRunner.privateRun(TestRunner.java:648)
	at org.testng.TestRunner.run(TestRunner.java:505)
	at org.testng.SuiteRunner.runTest(SuiteRunner.java:455)
	at org.testng.SuiteRunner.runSequentially(SuiteRunner.java:450)
	at org.testng.SuiteRunner.privateRun(SuiteRunner.java:415)
	at org.testng.SuiteRunner.run(SuiteRunner.java:364)
	at org.testng.SuiteRunnerWorker.runSuite(SuiteRunnerWorker.java:52)
	at org.testng.SuiteRunnerWorker.run(SuiteRunnerWorker.java:84)
	at org.testng.TestNG.runSuitesSequentially(TestNG.java:1208)
	at org.testng.TestNG.runSuitesLocally(TestNG.java:1137)
	at org.testng.TestNG.runSuites(TestNG.java:1049)
	at org.testng.TestNG.run(TestNG.java:1017)
	at org.testng.remote.AbstractRemoteTestNG.run(AbstractRemoteTestNG.java:114)
	at org.testng.remote.RemoteTestNG.initAndRun(RemoteTestNG.java:251)
	at org.testng.remote.RemoteTestNG.main(RemoteTestNG.java:77)
</pre></div></td>
<td>44</td>
<td>com.actitime.tests.VerifyBuildNoTest@15761df8</td></tr>
<tr>
<td title='com.actitime.tests.VerfiyVersionTest.testVerifyVersion()'><b>testVerifyVersion</b><br>Test class: com.actitime.tests.VerfiyVersionTest<br/>
<a href="#Output-1536728519" onClick='toggleBox("Output-1536728519", this, "Show output", "Hide output");'>Show output</a>

<a href="#Output-1536728519" onClick="toggleAllBoxes();">Show all outputs</a>
<div class='log' id="Output-1536728519">
Tittle is matching :actiTIME - Login<br/>
Element is not Present<br/>
</div>
</td>
<td><div><pre>java.lang.AssertionError: null
	at com.actitime.pages.BasePage.verifyElement(BasePage.java:45)
	at com.actitime.pages.LoginPage.verifyVersion(LoginPage.java:58)
	at com.actitime.tests.VerfiyVersionTest.testVerifyVersion(VerfiyVersionTest.java:24)
... Removed 27 stack frames</pre></div><a href='#' onClick='toggleBox("stack-trace1536728519", this, "Click to show all stack frames", "Click to hide stack frames")'>Click to show all stack frames</a>
<div class='stack-trace' id='stack-trace1536728519'><pre>java.lang.AssertionError: null
	at org.testng.Assert.fail(Assert.java:96)
	at org.testng.Assert.fail(Assert.java:103)
	at com.actitime.pages.BasePage.verifyElement(BasePage.java:45)
	at com.actitime.pages.LoginPage.verifyVersion(LoginPage.java:58)
	at com.actitime.tests.VerfiyVersionTest.testVerifyVersion(VerfiyVersionTest.java:24)
	at sun.reflect.NativeMethodAccessorImpl.invoke0(Native Method)
	at sun.reflect.NativeMethodAccessorImpl.invoke(NativeMethodAccessorImpl.java:62)
	at sun.reflect.DelegatingMethodAccessorImpl.invoke(DelegatingMethodAccessorImpl.java:43)
	at java.lang.reflect.Method.invoke(Method.java:498)
	at org.testng.internal.MethodInvocationHelper.invokeMethod(MethodInvocationHelper.java:124)
	at org.testng.internal.Invoker.invokeMethod(Invoker.java:580)
	at org.testng.internal.Invoker.invokeTestMethod(Invoker.java:716)
	at org.testng.internal.Invoker.invokeTestMethods(Invoker.java:988)
	at org.testng.internal.TestMethodWorker.invokeTestMethods(TestMethodWorker.java:125)
	at org.testng.internal.TestMethodWorker.run(TestMethodWorker.java:109)
	at org.testng.TestRunner.privateRun(TestRunner.java:648)
	at org.testng.TestRunner.run(TestRunner.java:505)
	at org.testng.SuiteRunner.runTest(SuiteRunner.java:455)
	at org.testng.SuiteRunner.runSequentially(SuiteRunner.java:450)
	at org.testng.SuiteRunner.privateRun(SuiteRunner.java:415)
	at org.testng.SuiteRunner.run(SuiteRunner.java:364)
	at org.testng.SuiteRunnerWorker.runSuite(SuiteRunnerWorker.java:52)
	at org.testng.SuiteRunnerWorker.run(SuiteRunnerWorker.java:84)
	at org.testng.TestNG.runSuitesSequentially(TestNG.java:1208)
	at org.testng.TestNG.runSuitesLocally(TestNG.java:1137)
	at org.testng.TestNG.runSuites(TestNG.java:1049)
	at org.testng.TestNG.run(TestNG.java:1017)
	at org.testng.remote.AbstractRemoteTestNG.run(AbstractRemoteTestNG.java:114)
	at org.testng.remote.RemoteTestNG.initAndRun(RemoteTestNG.java:251)
	at org.testng.remote.RemoteTestNG.main(RemoteTestNG.java:77)
</pre></div></td>
<td>30</td>
<td>com.actitime.tests.VerfiyVersionTest@7c417213</td></tr>
</table><p>
<table width='100%' border='1' class='invocation-passed'>
<tr><td colspan='4' align='center'><b>PASSED TESTS</b></td></tr>
<tr><td><b>Test method</b></td>
<td width="30%"><b>Exception</b></td>
<td width="10%"><b>Time (seconds)</b></td>
<td><b>Instance</b></td>
</tr>
<tr>
<td title='com.actitime.tests.InvalidLoginTest.testInvalidLogin()'><b>testInvalidLogin</b><br>Test class: com.actitime.tests.InvalidLoginTest<br/>
<a href="#Output-665137804" onClick='toggleBox("Output-665137804", this, "Show output", "Hide output");'>Show output</a>

<a href="#Output-665137804" onClick="toggleAllBoxes();">Show all outputs</a>
<div class='log' id="Output-665137804">
Tittle is matching :actiTIME - Login<br/>
Invalid UN :admin<br/>
Invalid pw :admin<br/>
Element is Present<br/>
Actual error Meassge is :Username or Password is invalid. Please try again.<br/>
Expected error Meassge is :Username or Password is invalid. Please try again.<br/>
Error message is matching...........<br/>
===========================,<br/>
Invalid UN :admin<br/>
Invalid pw :mang<br/>
Element is Present<br/>
Actual error Meassge is :Username or Password is invalid. Please try again.<br/>
Expected error Meassge is :Username or Password is invalid. Please try again.<br/>
Error message is matching...........<br/>
===========================,<br/>
Invalid UN :admin<br/>
Invalid pw :admin<br/>
Element is Present<br/>
Actual error Meassge is :Username or Password is invalid. Please try again.<br/>
Expected error Meassge is :Username or Password is invalid. Please try again.<br/>
Error message is matching...........<br/>
===========================,<br/>
Invalid UN :admin<br/>
Invalid pw :admin<br/>
Element is Present<br/>
Actual error Meassge is :Username or Password is invalid. Please try again.<br/>
Expected error Meassge is :Username or Password is invalid. Please try again.<br/>
Error message is matching...........<br/>
===========================,<br/>
Invalid UN :mang<br/>
Invalid pw :admin<br/>
Element is Present<br/>
Actual error Meassge is :Username or Password is invalid. Please try again.<br/>
Expected error Meassge is :Username or Password is invalid. Please try again.<br/>
Error message is matching...........<br/>
===========================,<br/>
Invalid UN :admin<br/>
Invalid pw :admin<br/>
Element is Present<br/>
Actual error Meassge is :Username or Password is invalid. Please try again.<br/>
Expected error Meassge is :Username or Password is invalid. Please try again.<br/>
Error message is matching...........<br/>
===========================,<br/>
</div>
</td>
<td></td>
<td>16</td>
<td>com.actitime.tests.InvalidLoginTest@5db45159</td></tr>
<tr>
<td title='com.actitime.tests.ValidLoginLogoutTest.testValidLoginLogout()'><b>testValidLoginLogout</b><br>Test class: com.actitime.tests.ValidLoginLogoutTest<br/>
<a href="#Output-2056234595" onClick='toggleBox("Output-2056234595", this, "Show output", "Hide output");'>Show output</a>

<a href="#Output-2056234595" onClick="toggleAllBoxes();">Show all outputs</a>
<div class='log' id="Output-2056234595">
Tittle is matching :actiTIME - Login<br/>
Tittle is matching :actiTIME - Enter Time-Track<br/>
Tittle is matching :actiTIME - Login<br/>
</div>
</td>
<td></td>
<td>7</td>
<td>com.actitime.tests.ValidLoginLogoutTest@6107227e</td></tr>
</table><p>
</body>
</html>