<?xml version="1.0" encoding="UTF-8"?>
<!-- Generated by org.testng.reporters.JUnitXMLReporter -->
<testsuite hostname="Gilani-LG" ignored="6" name="Test" tests="4" failures="2" timestamp="02 Feb 2020 02:51:52 GMT" time="197.535" errors="0">
  <testcase name="testValidLoginLogout" time="7.224" classname="com.actitime.tests.ValidLoginLogoutTest"/>
  <testcase name="testInvalidLogin" time="16.334" classname="com.actitime.tests.InvalidLoginTest"/>
  <testcase name="testVerifyVersion" time="30.679" classname="com.actitime.tests.VerfiyVersionTest">
    <failure type="java.lang.AssertionError" message="null">
      <![CDATA[java.lang.AssertionError: null
at com.actitime.pages.BasePage.verifyElement(BasePage.java:45)
at com.actitime.pages.LoginPage.verifyVersion(LoginPage.java:58)
at com.actitime.tests.VerfiyVersionTest.testVerifyVersion(VerfiyVersionTest.java:24)
... Removed 27 stack frames]]>
    </failure>
  </testcase> <!-- testVerifyVersion -->
  <testcase name="testVerifyBuildNo" time="44.496" classname="com.actitime.tests.VerifyBuildNoTest">
    <failure type="java.lang.AssertionError" message="null">
      <![CDATA[java.lang.AssertionError: null
at com.actitime.pages.BasePage.verifyElement(BasePage.java:45)
at com.actitime.pages.EnterTimeTrackerPage.verifyBuildNo(EnterTimeTrackerPage.java:48)
at com.actitime.tests.VerifyBuildNoTest.testVerifyBuildNo(VerifyBuildNoTest.java:54)
... Removed 27 stack frames]]>
    </failure>
  </testcase> <!-- testVerifyBuildNo -->
  <testcase name="@BeforeTest startTest" time="0.0" classname="com.actitime.generic.BaseTest">
    <ignored/>
  </testcase> <!-- @BeforeTest startTest -->
  <testcase name="@BeforeTest startTest" time="0.0" classname="com.actitime.generic.BaseTest">
    <ignored/>
  </testcase> <!-- @BeforeTest startTest -->
  <testcase name="@BeforeTest startTest" time="0.0" classname="com.actitime.generic.BaseTest">
    <ignored/>
  </testcase> <!-- @BeforeTest startTest -->
  <testcase name="@AfterTest stopTest" time="0.0" classname="com.actitime.generic.BaseTest">
    <ignored/>
  </testcase> <!-- @AfterTest stopTest -->
  <testcase name="@AfterTest stopTest" time="0.0" classname="com.actitime.generic.BaseTest">
    <ignored/>
  </testcase> <!-- @AfterTest stopTest -->
  <testcase name="@AfterTest stopTest" time="0.0" classname="com.actitime.generic.BaseTest">
    <ignored/>
  </testcase> <!-- @AfterTest stopTest -->
</testsuite> <!-- Test -->
