<?xml version="1.0" encoding="UTF-8"?>
<testng-results skipped="0" failed="2" ignored="6" total="10" passed="2">
  <reporter-output>
    <line>
      <![CDATA[Tittle is matching :actiTIME - Login]]>
    </line>
    <line>
      <![CDATA[Tittle is matching :actiTIME - Enter Time-Track]]>
    </line>
    <line>
      <![CDATA[Tittle is matching :actiTIME - Login]]>
    </line>
    <line>
      <![CDATA[Tittle is matching :actiTIME - Login]]>
    </line>
    <line>
      <![CDATA[Invalid UN :admin]]>
    </line>
    <line>
      <![CDATA[Invalid pw :admin]]>
    </line>
    <line>
      <![CDATA[Element is Present]]>
    </line>
    <line>
      <![CDATA[Actual error Meassge is :Username or Password is invalid. Please try again.]]>
    </line>
    <line>
      <![CDATA[Expected error Meassge is :Username or Password is invalid. Please try again.]]>
    </line>
    <line>
      <![CDATA[Error message is matching...........]]>
    </line>
    <line>
      <![CDATA[===========================,]]>
    </line>
    <line>
      <![CDATA[Invalid UN :admin]]>
    </line>
    <line>
      <![CDATA[Invalid pw :mang]]>
    </line>
    <line>
      <![CDATA[Element is Present]]>
    </line>
    <line>
      <![CDATA[Actual error Meassge is :Username or Password is invalid. Please try again.]]>
    </line>
    <line>
      <![CDATA[Expected error Meassge is :Username or Password is invalid. Please try again.]]>
    </line>
    <line>
      <![CDATA[Error message is matching...........]]>
    </line>
    <line>
      <![CDATA[===========================,]]>
    </line>
    <line>
      <![CDATA[Invalid UN :admin]]>
    </line>
    <line>
      <![CDATA[Invalid pw :admin]]>
    </line>
    <line>
      <![CDATA[Element is Present]]>
    </line>
    <line>
      <![CDATA[Actual error Meassge is :Username or Password is invalid. Please try again.]]>
    </line>
    <line>
      <![CDATA[Expected error Meassge is :Username or Password is invalid. Please try again.]]>
    </line>
    <line>
      <![CDATA[Error message is matching...........]]>
    </line>
    <line>
      <![CDATA[===========================,]]>
    </line>
    <line>
      <![CDATA[Invalid UN :admin]]>
    </line>
    <line>
      <![CDATA[Invalid pw :admin]]>
    </line>
    <line>
      <![CDATA[Element is Present]]>
    </line>
    <line>
      <![CDATA[Actual error Meassge is :Username or Password is invalid. Please try again.]]>
    </line>
    <line>
      <![CDATA[Expected error Meassge is :Username or Password is invalid. Please try again.]]>
    </line>
    <line>
      <![CDATA[Error message is matching...........]]>
    </line>
    <line>
      <![CDATA[===========================,]]>
    </line>
    <line>
      <![CDATA[Invalid UN :mang]]>
    </line>
    <line>
      <![CDATA[Invalid pw :admin]]>
    </line>
    <line>
      <![CDATA[Element is Present]]>
    </line>
    <line>
      <![CDATA[Actual error Meassge is :Username or Password is invalid. Please try again.]]>
    </line>
    <line>
      <![CDATA[Expected error Meassge is :Username or Password is invalid. Please try again.]]>
    </line>
    <line>
      <![CDATA[Error message is matching...........]]>
    </line>
    <line>
      <![CDATA[===========================,]]>
    </line>
    <line>
      <![CDATA[Invalid UN :admin]]>
    </line>
    <line>
      <![CDATA[Invalid pw :admin]]>
    </line>
    <line>
      <![CDATA[Element is Present]]>
    </line>
    <line>
      <![CDATA[Actual error Meassge is :Username or Password is invalid. Please try again.]]>
    </line>
    <line>
      <![CDATA[Expected error Meassge is :Username or Password is invalid. Please try again.]]>
    </line>
    <line>
      <![CDATA[Error message is matching...........]]>
    </line>
    <line>
      <![CDATA[===========================,]]>
    </line>
    <line>
      <![CDATA[Tittle is matching :actiTIME - Login]]>
    </line>
    <line>
      <![CDATA[Element is not Present]]>
    </line>
    <line>
      <![CDATA[Tittle is matching :actiTIME - Login]]>
    </line>
    <line>
      <![CDATA[Tittle is matching :actiTIME - Enter Time-Track]]>
    </line>
    <line>
      <![CDATA[Element is not Present]]>
    </line>
  </reporter-output>
  <suite name="Suite" duration-ms="197535" started-at="2020-02-02T02:48:35Z" finished-at="2020-02-02T02:51:52Z">
    <groups>
    </groups>
    <test name="Test" duration-ms="197535" started-at="2020-02-02T02:48:35Z" finished-at="2020-02-02T02:51:52Z">
      <class name="com.actitime.tests.ValidLoginLogoutTest">
        <test-method status="PASS" signature="precondition()[pri:0, instance:com.actitime.tests.ValidLoginLogoutTest@6107227e]" name="precondition" is-config="true" duration-ms="22443" started-at="2020-02-02T02:48:35Z" finished-at="2020-02-02T02:48:57Z">
          <reporter-output>
          </reporter-output>
        </test-method> <!-- precondition -->
        <test-method status="PASS" signature="testValidLoginLogout()[pri:1, instance:com.actitime.tests.ValidLoginLogoutTest@6107227e]" name="testValidLoginLogout" duration-ms="7224" started-at="2020-02-02T02:48:57Z" finished-at="2020-02-02T02:49:05Z">
          <reporter-output>
            <line>
              <![CDATA[Tittle is matching :actiTIME - Login]]>
            </line>
            <line>
              <![CDATA[Tittle is matching :actiTIME - Enter Time-Track]]>
            </line>
            <line>
              <![CDATA[Tittle is matching :actiTIME - Login]]>
            </line>
          </reporter-output>
        </test-method> <!-- testValidLoginLogout -->
        <test-method status="PASS" signature="postcondition(org.testng.ITestResult)[pri:0, instance:com.actitime.tests.ValidLoginLogoutTest@6107227e]" name="postcondition" is-config="true" duration-ms="105" started-at="2020-02-02T02:49:05Z" finished-at="2020-02-02T02:49:05Z">
          <params>
            <param index="0">
              <value>
                <![CDATA[[TestResult name=testValidLoginLogout status=SUCCESS method=ValidLoginLogoutTest.testValidLoginLogout()[pri:1, instance:com.actitime.tests.ValidLoginLogoutTest@6107227e] output=Tittle is matching :actiTIME - Login]]]>
              </value>
            </param>
          </params>
          <reporter-output>
          </reporter-output>
        </test-method> <!-- postcondition -->
      </class> <!-- com.actitime.tests.ValidLoginLogoutTest -->
      <class name="com.actitime.tests.InvalidLoginTest">
        <test-method status="PASS" signature="startTest()[pri:0, instance:com.actitime.tests.InvalidLoginTest@5db45159]" name="startTest" is-config="true" duration-ms="116" started-at="2020-02-02T02:48:35Z" finished-at="2020-02-02T02:48:35Z">
          <reporter-output>
          </reporter-output>
        </test-method> <!-- startTest -->
        <test-method status="PASS" signature="precondition()[pri:0, instance:com.actitime.tests.InvalidLoginTest@5db45159]" name="precondition" is-config="true" duration-ms="21128" started-at="2020-02-02T02:49:05Z" finished-at="2020-02-02T02:49:26Z">
          <reporter-output>
          </reporter-output>
        </test-method> <!-- precondition -->
        <test-method status="PASS" signature="testInvalidLogin()[pri:2, instance:com.actitime.tests.InvalidLoginTest@5db45159]" name="testInvalidLogin" duration-ms="16334" started-at="2020-02-02T02:49:26Z" finished-at="2020-02-02T02:49:42Z">
          <reporter-output>
            <line>
              <![CDATA[Tittle is matching :actiTIME - Login]]>
            </line>
            <line>
              <![CDATA[Invalid UN :admin]]>
            </line>
            <line>
              <![CDATA[Invalid pw :admin]]>
            </line>
            <line>
              <![CDATA[Element is Present]]>
            </line>
            <line>
              <![CDATA[Actual error Meassge is :Username or Password is invalid. Please try again.]]>
            </line>
            <line>
              <![CDATA[Expected error Meassge is :Username or Password is invalid. Please try again.]]>
            </line>
            <line>
              <![CDATA[Error message is matching...........]]>
            </line>
            <line>
              <![CDATA[===========================,]]>
            </line>
            <line>
              <![CDATA[Invalid UN :admin]]>
            </line>
            <line>
              <![CDATA[Invalid pw :mang]]>
            </line>
            <line>
              <![CDATA[Element is Present]]>
            </line>
            <line>
              <![CDATA[Actual error Meassge is :Username or Password is invalid. Please try again.]]>
            </line>
            <line>
              <![CDATA[Expected error Meassge is :Username or Password is invalid. Please try again.]]>
            </line>
            <line>
              <![CDATA[Error message is matching...........]]>
            </line>
            <line>
              <![CDATA[===========================,]]>
            </line>
            <line>
              <![CDATA[Invalid UN :admin]]>
            </line>
            <line>
              <![CDATA[Invalid pw :admin]]>
            </line>
            <line>
              <![CDATA[Element is Present]]>
            </line>
            <line>
              <![CDATA[Actual error Meassge is :Username or Password is invalid. Please try again.]]>
            </line>
            <line>
              <![CDATA[Expected error Meassge is :Username or Password is invalid. Please try again.]]>
            </line>
            <line>
              <![CDATA[Error message is matching...........]]>
            </line>
            <line>
              <![CDATA[===========================,]]>
            </line>
            <line>
              <![CDATA[Invalid UN :admin]]>
            </line>
            <line>
              <![CDATA[Invalid pw :admin]]>
            </line>
            <line>
              <![CDATA[Element is Present]]>
            </line>
            <line>
              <![CDATA[Actual error Meassge is :Username or Password is invalid. Please try again.]]>
            </line>
            <line>
              <![CDATA[Expected error Meassge is :Username or Password is invalid. Please try again.]]>
            </line>
            <line>
              <![CDATA[Error message is matching...........]]>
            </line>
            <line>
              <![CDATA[===========================,]]>
            </line>
            <line>
              <![CDATA[Invalid UN :mang]]>
            </line>
            <line>
              <![CDATA[Invalid pw :admin]]>
            </line>
            <line>
              <![CDATA[Element is Present]]>
            </line>
            <line>
              <![CDATA[Actual error Meassge is :Username or Password is invalid. Please try again.]]>
            </line>
            <line>
              <![CDATA[Expected error Meassge is :Username or Password is invalid. Please try again.]]>
            </line>
            <line>
              <![CDATA[Error message is matching...........]]>
            </line>
            <line>
              <![CDATA[===========================,]]>
            </line>
            <line>
              <![CDATA[Invalid UN :admin]]>
            </line>
            <line>
              <![CDATA[Invalid pw :admin]]>
            </line>
            <line>
              <![CDATA[Element is Present]]>
            </line>
            <line>
              <![CDATA[Actual error Meassge is :Username or Password is invalid. Please try again.]]>
            </line>
            <line>
              <![CDATA[Expected error Meassge is :Username or Password is invalid. Please try again.]]>
            </line>
            <line>
              <![CDATA[Error message is matching...........]]>
            </line>
            <line>
              <![CDATA[===========================,]]>
            </line>
          </reporter-output>
        </test-method> <!-- testInvalidLogin -->
        <test-method status="PASS" signature="postcondition(org.testng.ITestResult)[pri:0, instance:com.actitime.tests.InvalidLoginTest@5db45159]" name="postcondition" is-config="true" duration-ms="71" started-at="2020-02-02T02:49:42Z" finished-at="2020-02-02T02:49:42Z">
          <params>
            <param index="0">
              <value>
                <![CDATA[[TestResult name=testInvalidLogin status=SUCCESS method=InvalidLoginTest.testInvalidLogin()[pri:2, instance:com.actitime.tests.InvalidLoginTest@5db45159] output=Tittle is matching :actiTIME - Login]]]>
              </value>
            </param>
          </params>
          <reporter-output>
          </reporter-output>
        </test-method> <!-- postcondition -->
        <test-method status="PASS" signature="stopTest()[pri:0, instance:com.actitime.tests.InvalidLoginTest@5db45159]" name="stopTest" is-config="true" duration-ms="343" started-at="2020-02-02T02:51:52Z" finished-at="2020-02-02T02:51:52Z">
          <reporter-output>
          </reporter-output>
        </test-method> <!-- stopTest -->
      </class> <!-- com.actitime.tests.InvalidLoginTest -->
      <class name="com.actitime.tests.VerfiyVersionTest">
        <test-method status="PASS" signature="precondition()[pri:0, instance:com.actitime.tests.VerfiyVersionTest@7c417213]" name="precondition" is-config="true" duration-ms="20152" started-at="2020-02-02T02:49:42Z" finished-at="2020-02-02T02:50:02Z">
          <reporter-output>
          </reporter-output>
        </test-method> <!-- precondition -->
        <test-method status="FAIL" signature="testVerifyVersion()[pri:3, instance:com.actitime.tests.VerfiyVersionTest@7c417213]" name="testVerifyVersion" duration-ms="30679" started-at="2020-02-02T02:50:02Z" finished-at="2020-02-02T02:50:33Z">
          <exception class="java.lang.AssertionError">
            <message>
              <![CDATA[null]]>
            </message>
            <full-stacktrace>
              <![CDATA[java.lang.AssertionError: null
at org.testng.Assert.fail(Assert.java:96)
at org.testng.Assert.fail(Assert.java:103)
at com.actitime.pages.BasePage.verifyElement(BasePage.java:45)
at com.actitime.pages.LoginPage.verifyVersion(LoginPage.java:58)
at com.actitime.tests.VerfiyVersionTest.testVerifyVersion(VerfiyVersionTest.java:24)
at sun.reflect.NativeMethodAccessorImpl.invoke0(Native Method)
at sun.reflect.NativeMethodAccessorImpl.invoke(NativeMethodAccessorImpl.java:62)
at sun.reflect.DelegatingMethodAccessorImpl.invoke(DelegatingMethodAccessorImpl.java:43)
at java.lang.reflect.Method.invoke(Method.java:498)
at org.testng.internal.MethodInvocationHelper.invokeMethod(MethodInvocationHelper.java:124)
at org.testng.internal.Invoker.invokeMethod(Invoker.java:580)
at org.testng.internal.Invoker.invokeTestMethod(Invoker.java:716)
at org.testng.internal.Invoker.invokeTestMethods(Invoker.java:988)
at org.testng.internal.TestMethodWorker.invokeTestMethods(TestMethodWorker.java:125)
at org.testng.internal.TestMethodWorker.run(TestMethodWorker.java:109)
at org.testng.TestRunner.privateRun(TestRunner.java:648)
at org.testng.TestRunner.run(TestRunner.java:505)
at org.testng.SuiteRunner.runTest(SuiteRunner.java:455)
at org.testng.SuiteRunner.runSequentially(SuiteRunner.java:450)
at org.testng.SuiteRunner.privateRun(SuiteRunner.java:415)
at org.testng.SuiteRunner.run(SuiteRunner.java:364)
at org.testng.SuiteRunnerWorker.runSuite(SuiteRunnerWorker.java:52)
at org.testng.SuiteRunnerWorker.run(SuiteRunnerWorker.java:84)
at org.testng.TestNG.runSuitesSequentially(TestNG.java:1208)
at org.testng.TestNG.runSuitesLocally(TestNG.java:1137)
at org.testng.TestNG.runSuites(TestNG.java:1049)
at org.testng.TestNG.run(TestNG.java:1017)
at org.testng.remote.AbstractRemoteTestNG.run(AbstractRemoteTestNG.java:114)
at org.testng.remote.RemoteTestNG.initAndRun(RemoteTestNG.java:251)
at org.testng.remote.RemoteTestNG.main(RemoteTestNG.java:77)
]]>
            </full-stacktrace>
          </exception> <!-- java.lang.AssertionError -->
          <reporter-output>
            <line>
              <![CDATA[Tittle is matching :actiTIME - Login]]>
            </line>
            <line>
              <![CDATA[Element is not Present]]>
            </line>
          </reporter-output>
        </test-method> <!-- testVerifyVersion -->
        <test-method status="PASS" signature="postcondition(org.testng.ITestResult)[pri:0, instance:com.actitime.tests.VerfiyVersionTest@7c417213]" name="postcondition" is-config="true" duration-ms="4730" started-at="2020-02-02T02:50:33Z" finished-at="2020-02-02T02:50:38Z">
          <params>
            <param index="0">
              <value>
                <![CDATA[[TestResult name=testVerifyVersion status=FAILURE method=VerfiyVersionTest.testVerifyVersion()[pri:3, instance:com.actitime.tests.VerfiyVersionTest@7c417213] output=Tittle is matching :actiTIME - Login]]]>
              </value>
            </param>
          </params>
          <reporter-output>
          </reporter-output>
        </test-method> <!-- postcondition -->
      </class> <!-- com.actitime.tests.VerfiyVersionTest -->
      <class name="com.actitime.tests.VerifyBuildNoTest">
        <test-method status="PASS" signature="precondition()[pri:0, instance:com.actitime.tests.VerifyBuildNoTest@15761df8]" name="precondition" is-config="true" duration-ms="24874" started-at="2020-02-02T02:50:38Z" finished-at="2020-02-02T02:51:03Z">
          <reporter-output>
          </reporter-output>
        </test-method> <!-- precondition -->
        <test-method status="FAIL" signature="testVerifyBuildNo()[pri:4, instance:com.actitime.tests.VerifyBuildNoTest@15761df8]" name="testVerifyBuildNo" duration-ms="44496" started-at="2020-02-02T02:51:03Z" finished-at="2020-02-02T02:51:47Z">
          <exception class="java.lang.AssertionError">
            <message>
              <![CDATA[null]]>
            </message>
            <full-stacktrace>
              <![CDATA[java.lang.AssertionError: null
at org.testng.Assert.fail(Assert.java:96)
at org.testng.Assert.fail(Assert.java:103)
at com.actitime.pages.BasePage.verifyElement(BasePage.java:45)
at com.actitime.pages.EnterTimeTrackerPage.verifyBuildNo(EnterTimeTrackerPage.java:48)
at com.actitime.tests.VerifyBuildNoTest.testVerifyBuildNo(VerifyBuildNoTest.java:54)
at sun.reflect.NativeMethodAccessorImpl.invoke0(Native Method)
at sun.reflect.NativeMethodAccessorImpl.invoke(NativeMethodAccessorImpl.java:62)
at sun.reflect.DelegatingMethodAccessorImpl.invoke(DelegatingMethodAccessorImpl.java:43)
at java.lang.reflect.Method.invoke(Method.java:498)
at org.testng.internal.MethodInvocationHelper.invokeMethod(MethodInvocationHelper.java:124)
at org.testng.internal.Invoker.invokeMethod(Invoker.java:580)
at org.testng.internal.Invoker.invokeTestMethod(Invoker.java:716)
at org.testng.internal.Invoker.invokeTestMethods(Invoker.java:988)
at org.testng.internal.TestMethodWorker.invokeTestMethods(TestMethodWorker.java:125)
at org.testng.internal.TestMethodWorker.run(TestMethodWorker.java:109)
at org.testng.TestRunner.privateRun(TestRunner.java:648)
at org.testng.TestRunner.run(TestRunner.java:505)
at org.testng.SuiteRunner.runTest(SuiteRunner.java:455)
at org.testng.SuiteRunner.runSequentially(SuiteRunner.java:450)
at org.testng.SuiteRunner.privateRun(SuiteRunner.java:415)
at org.testng.SuiteRunner.run(SuiteRunner.java:364)
at org.testng.SuiteRunnerWorker.runSuite(SuiteRunnerWorker.java:52)
at org.testng.SuiteRunnerWorker.run(SuiteRunnerWorker.java:84)
at org.testng.TestNG.runSuitesSequentially(TestNG.java:1208)
at org.testng.TestNG.runSuitesLocally(TestNG.java:1137)
at org.testng.TestNG.runSuites(TestNG.java:1049)
at org.testng.TestNG.run(TestNG.java:1017)
at org.testng.remote.AbstractRemoteTestNG.run(AbstractRemoteTestNG.java:114)
at org.testng.remote.RemoteTestNG.initAndRun(RemoteTestNG.java:251)
at org.testng.remote.RemoteTestNG.main(RemoteTestNG.java:77)
]]>
            </full-stacktrace>
          </exception> <!-- java.lang.AssertionError -->
          <reporter-output>
            <line>
              <![CDATA[Tittle is matching :actiTIME - Login]]>
            </line>
            <line>
              <![CDATA[Tittle is matching :actiTIME - Enter Time-Track]]>
            </line>
            <line>
              <![CDATA[Element is not Present]]>
            </line>
          </reporter-output>
        </test-method> <!-- testVerifyBuildNo -->
        <test-method status="PASS" signature="postcondition(org.testng.ITestResult)[pri:0, instance:com.actitime.tests.VerifyBuildNoTest@15761df8]" name="postcondition" is-config="true" duration-ms="4806" started-at="2020-02-02T02:51:47Z" finished-at="2020-02-02T02:51:52Z">
          <params>
            <param index="0">
              <value>
                <![CDATA[[TestResult name=testVerifyBuildNo status=FAILURE method=VerifyBuildNoTest.testVerifyBuildNo()[pri:4, instance:com.actitime.tests.VerifyBuildNoTest@15761df8] output=Tittle is matching :actiTIME - Login]]]>
              </value>
            </param>
          </params>
          <reporter-output>
          </reporter-output>
        </test-method> <!-- postcondition -->
      </class> <!-- com.actitime.tests.VerifyBuildNoTest -->
    </test> <!-- Test -->
  </suite> <!-- Suite -->
</testng-results>
